
ROM used:   212/8192 (3%)
            212/8192 (3%) including unused fragments

            0.3 Average locations per line
            5.7 Average locations per statement

RAM used:   17/368 (5%) at main() level
            18/368 (5%) worst case

Stack used: 1 worst case (0 in main + 1 for interrupts)
Stack size: 8

Lines Stmts  %   Files
----- ----- ---  -----
   81    37 100  main.c
  671     0   0  ..\..\..\..\..\Program Files (x86)\PICC\Devices\16F877A.h
----- -----
  752    37 Total

Page ROM  %  RAM   Vol Diff  Functions:
---- --- --- ---   --- ----  ----------
0     40  19    1   325  4.2  interrupt_timer0
0    125  59    3   614  5.3  MAIN
 Inline         0             @cinit1

Program metrics:
    Functions               2
    Statements              37
    Comments                119
    Volume (V)              1100
    Difficulty (D)          9.4
    Effort to implement (E) 10308
    Time to implement (T)   10 minutes
    Est Delivered Bugs (B)  0
    Cyclomatic Complexity   4
    Maintainability (MI)    62

 Segment     Used  Free
-----------  ----  ----
00000-00003     4  0  
00004-0002E    43  0  
0002F-007FF   165  1836  
00800-00FFF     0  2048  
01000-017FF     0  2048  
01800-01FFF     0  2048  



