
ROM used:   158/8192 (2%)
            158/8192 (2%) including unused fragments

            0.2 Average locations per line
            5.9 Average locations per statement

RAM used:   6/368 (2%) at main() level
            10/368 (3%) worst case

Stack used: 2 worst case (2 in main + 0 for interrupts)
Stack size: 8

Lines Stmts  %   Files
----- ----- ---  -----
   66    27 100  main.c
  671     0   0  ..\..\..\..\..\..\Program Files (x86)\PICC\Devices\16F877A.h
----- -----
  737    27 Total

Page ROM  %  RAM   Vol Diff  Functions:
---- --- --- ---   --- ----  ----------
0     20  13    1   596  5.9  @delay_ms1
0     28  18    1    98  1.3  spi_write_slave1
0     28  18    1    98  1.3  spi_write_slave2
0     78  49    0   468  4.9  MAIN
 Inline         0   208  6.3  @cinit1

Program metrics:
    Functions               5
    Statements              27
    Comments                119
    Volume (V)              2048
    Difficulty (D)          19.3
    Effort to implement (E) 39617
    Time to implement (T)   37 minutes
    Est Delivered Bugs (B)  0
    Cyclomatic Complexity   3
    Maintainability (MI)    160

 Segment     Used  Free
-----------  ----  ----
00000-00003     4  0  
00004-007FF   154  1890  
00800-00FFF     0  2048  
01000-017FF     0  2048  
01800-01FFF     0  2048  



