
ROM used:   61/8192 (1%)
            61/8192 (1%) including unused fragments

            0.1 Average locations per line
            6.1 Average locations per statement

RAM used:   7/368 (2%) at main() level
            8/368 (2%) worst case

Stack used: 0 worst case (0 in main + 0 for interrupts)
Stack size: 8

Lines Stmts  %   Files
----- ----- ---  -----
   36    10 100  main.c
  671     0   0  ..\..\..\..\..\..\Program Files (x86)\PICC\Devices\16F877A.h
----- -----
  707    10 Total

Page ROM  %  RAM   Vol Diff  Functions:
---- --- --- ---   --- ----  ----------
0     57  93    1   221  3.6  main
 Inline         0             @cinit1

Program metrics:
    Functions               1
    Statements              10
    Comments                122
    Volume (V)              223
    Difficulty (D)          3.5
    Effort to implement (E) 775
    Time to implement (T)   1 minutes
    Est Delivered Bugs (B)  0
    Cyclomatic Complexity   1
    Maintainability (MI)    56

 Segment     Used  Free
-----------  ----  ----
00000-00003     4  0  
00004-007FF    57  1987  
00800-00FFF     0  2048  
01000-017FF     0  2048  
01800-01FFF     0  2048  



