
ROM used:   398/8192 (5%)
            398/8192 (5%) including unused fragments

            0.5 Average locations per line
            22.1 Average locations per statement

RAM used:   9/368 (2%) at main() level
            22/368 (6%) worst case

Stack used: 1 worst case (1 in main + 0 for interrupts)
Stack size: 8

Lines Stmts  %   Files
----- ----- ---  -----
   58    18 100  main.c
  671     0   0  ..\..\..\..\..\..\Program Files (x86)\PICC\Devices\16F877A.h
----- -----
  729    18 Total

Page ROM  %  RAM   Vol Diff  Functions:
---- --- --- ---   --- ----  ----------
0    126  32    1   404  4.1  main
0     31   8    2             @ITOF
0    204  51   14             @DIVFF
0     33   8    4             @SFTOI
 Inline         0             @cinit1

Program metrics:
    Functions               1
    Statements              18
    Comments                120
    Volume (V)              413
    Difficulty (D)          3.7
    Effort to implement (E) 1526
    Time to implement (T)   1 minutes
    Est Delivered Bugs (B)  0
    Cyclomatic Complexity   2
    Maintainability (MI)    45

 Segment     Used  Free
-----------  ----  ----
00000-00003     4  0  
00004-007FF   394  1650  
00800-00FFF     0  2048  
01000-017FF     0  2048  
01800-01FFF     0  2048  



