
ROM used:   38/8192 (0%)
            38/8192 (0%) including unused fragments

            0.1 Average locations per line
            2.9 Average locations per statement

RAM used:   5/368 (1%) at main() level
            6/368 (2%) worst case

Stack used: 1 worst case (1 in main + 0 for interrupts)
Stack size: 8

Lines Stmts  %   Files
----- ----- ---  -----
   40    13 100  main.c
  671     0   0  ..\..\..\..\..\Program Files (x86)\PICC\Devices\16F877A.h
----- -----
  711    13 Total

Page ROM  %  RAM   Vol Diff  Functions:
---- --- --- ---   --- ----  ----------
0     23  61    0   117  2.1  main
0     11  29    1   119  3.8  t0delay
 Inline         0             @cinit1

Program metrics:
    Functions               2
    Statements              13
    Comments                121
    Volume (V)              293
    Difficulty (D)          5.7
    Effort to implement (E) 1655
    Time to implement (T)   2 minutes
    Est Delivered Bugs (B)  0
    Cyclomatic Complexity   1
    Maintainability (MI)    90

 Segment     Used  Free
-----------  ----  ----
00000-00003     4  0  
00004-007FF    34  2010  
00800-00FFF     0  2048  
01000-017FF     0  2048  
01800-01FFF     0  2048  



